# JRE version: OpenJDK Runtime Environment (21.0.9+11) (build 21.0.9+11-LTS)
# Java VM: OpenJDK 64-Bit Server VM (21.0.9+11-LTS, mixed mode, tiered, compressed oops, compressed class ptrs, g1 gc, windows-aarch64)
GC Precious Log:
 CardTable entry size: 512
 Card Set container configuration: InlinePtr #cards 4 size 8 Array Of Cards #cards 32 size 80 Howl #buckets 8 coarsen threshold 7372 Howl Bitmap #cards 1024 size 144 coarsen threshold 921 Card regions per heap region 1 cards per card region 8192
 CPUs: 12 total, 12 available
 Memory: 32326M
 Large Page Support: Disabled
 NUMA Support: Disabled
 Compressed Oops: Enabled (Zero based)
 Heap Region Size: 4M
 Heap Min Capacity: 8M
 Heap Initial Capacity: 508M
 Heap Max Capacity: 8084M
 Pre-touch: Disabled
 Parallel Workers: 10
 Concurrent Workers: 3
 Concurrent Refinement Workers: 10
 Periodic GC: Disabled
Heap:
 garbage-first heap   total 217088K, used 99492K [0x0000000606c00000, 0x0000000800000000)
  region size 4096K, 3 young (12288K), 1 survivors (4096K)
 Metaspace       used 29379K, committed 29824K, reserved 1114112K
  class space    used 3572K, committed 3776K, reserved 1048576K
GC Heap History (20 events):
Event: 16.584 GC heap before
{Heap before GC invocations=4 (full 0):
 garbage-first heap   total 86016K, used 58342K [0x0000000606c00000, 0x0000000800000000)
  region size 4096K, 4 young (16384K), 1 survivors (4096K)
 Metaspace       used 28080K, committed 28480K, reserved 1114112K
  class space    used 3546K, committed 3712K, reserved 1048576K
}
Event: 16.598 GC heap after
{Heap after GC invocations=5 (full 0):
 garbage-first heap   total 86016K, used 14708K [0x0000000606c00000, 0x0000000800000000)
  region size 4096K, 1 young (4096K), 1 survivors (4096K)
 Metaspace       used 28080K, committed 28480K, reserved 1114112K
  class space    used 3546K, committed 3712K, reserved 1048576K
}
Event: 16.831 GC heap before
{Heap before GC invocations=5 (full 0):
 garbage-first heap   total 86016K, used 43380K [0x0000000606c00000, 0x0000000800000000)
  region size 4096K, 2 young (8192K), 1 survivors (4096K)
 Metaspace       used 28105K, committed 28480K, reserved 1114112K
  class space    used 3546K, committed 3712K, reserved 1048576K
}
Event: 16.837 GC heap after
{Heap after GC invocations=6 (full 0):
 garbage-first heap   total 86016K, used 43439K [0x0000000606c00000, 0x0000000800000000)
  region size 4096K, 1 young (4096K), 1 survivors (4096K)
 Metaspace       used 28105K, committed 28480K, reserved 1114112K
  class space    used 3546K, committed 3712K, reserved 1048576K
}
Event: 16.885 GC heap before
{Heap before GC invocations=7 (full 0):
 garbage-first heap   total 86016K, used 47535K [0x0000000606c00000, 0x0000000800000000)
  region size 4096K, 2 young (8192K), 1 survivors (4096K)
 Metaspace       used 28127K, committed 28480K, reserved 1114112K
  class space    used 3546K, committed 3712K, reserved 1048576K
}
Event: 16.890 GC heap after
{Heap after GC invocations=8 (full 0):
 garbage-first heap   total 86016K, used 47369K [0x0000000606c00000, 0x0000000800000000)
  region size 4096K, 1 young (4096K), 1 survivors (4096K)
 Metaspace       used 28127K, committed 28480K, reserved 1114112K
  class space    used 3546K, committed 3712K, reserved 1048576K
}
Event: 26.385 GC heap before
{Heap before GC invocations=9 (full 0):
 garbage-first heap   total 102400K, used 96521K [0x0000000606c00000, 0x0000000800000000)
  region size 4096K, 4 young (16384K), 1 survivors (4096K)
 Metaspace       used 28508K, committed 28864K, reserved 1114112K
  class space    used 3558K, committed 3712K, reserved 1048576K
}
Event: 26.397 GC heap after
{Heap after GC invocations=10 (full 0):
 garbage-first heap   total 106496K, used 51430K [0x0000000606c00000, 0x0000000800000000)
  region size 4096K, 1 young (4096K), 1 survivors (4096K)
 Metaspace       used 28508K, committed 28864K, reserved 1114112K
  class space    used 3558K, committed 3712K, reserved 1048576K
}
Event: 44.434 GC heap before
{Heap before GC invocations=10 (full 0):
 garbage-first heap   total 143360K, used 141542K [0x0000000606c00000, 0x0000000800000000)
  region size 4096K, 5 young (20480K), 1 survivors (4096K)
 Metaspace       used 28975K, committed 29440K, reserved 1114112K
  class space    used 3565K, committed 3776K, reserved 1048576K
}
Event: 44.449 GC heap after
{Heap after GC invocations=11 (full 0):
 garbage-first heap   total 151552K, used 86772K [0x0000000606c00000, 0x0000000800000000)
  region size 4096K, 1 young (4096K), 1 survivors (4096K)
 Metaspace       used 28975K, committed 29440K, reserved 1114112K
  class space    used 3565K, committed 3776K, reserved 1048576K
}
Event: 70.880 GC heap before
{Heap before GC invocations=11 (full 0):
 garbage-first heap   total 151552K, used 127732K [0x0000000606c00000, 0x0000000800000000)
  region size 4096K, 11 young (45056K), 1 survivors (4096K)
 Metaspace       used 29326K, committed 29696K, reserved 1114112K
  class space    used 3566K, committed 3776K, reserved 1048576K
}
Event: 70.889 GC heap after
{Heap after GC invocations=12 (full 0):
 garbage-first heap   total 151552K, used 88775K [0x0000000606c00000, 0x0000000800000000)
  region size 4096K, 2 young (8192K), 2 survivors (8192K)
 Metaspace       used 29326K, committed 29696K, reserved 1114112K
  class space    used 3566K, committed 3776K, reserved 1048576K
}
Event: 72.142 GC heap before
{Heap before GC invocations=13 (full 0):
 garbage-first heap   total 159744K, used 88775K [0x0000000606c00000, 0x0000000800000000)
  region size 4096K, 3 young (12288K), 2 survivors (8192K)
 Metaspace       used 29342K, committed 29760K, reserved 1114112K
  class space    used 3566K, committed 3776K, reserved 1048576K
}
Event: 72.154 GC heap after
{Heap after GC invocations=14 (full 0):
 garbage-first heap   total 217088K, used 50363K [0x0000000606c00000, 0x0000000800000000)
  region size 4096K, 1 young (4096K), 1 survivors (4096K)
 Metaspace       used 29342K, committed 29760K, reserved 1114112K
  class space    used 3566K, committed 3776K, reserved 1048576K
}
Event: 72.439 GC heap before
{Heap before GC invocations=14 (full 0):
 garbage-first heap   total 217088K, used 99515K [0x0000000606c00000, 0x0000000800000000)
  region size 4096K, 2 young (8192K), 1 survivors (4096K)
 Metaspace       used 29346K, committed 29760K, reserved 1114112K
  class space    used 3566K, committed 3776K, reserved 1048576K
}
Event: 72.443 GC heap after
{Heap after GC invocations=15 (full 0):
 garbage-first heap   total 217088K, used 87192K [0x0000000606c00000, 0x0000000800000000)
  region size 4096K, 1 young (4096K), 1 survivors (4096K)
 Metaspace       used 29346K, committed 29760K, reserved 1114112K
  class space    used 3566K, committed 3776K, reserved 1048576K
}
Event: 72.485 GC heap before
{Heap before GC invocations=15 (full 0):
 garbage-first heap   total 217088K, used 95384K [0x0000000606c00000, 0x0000000800000000)
  region size 4096K, 2 young (8192K), 1 survivors (4096K)
 Metaspace       used 29347K, committed 29760K, reserved 1114112K
  class space    used 3566K, committed 3776K, reserved 1048576K
}
Event: 72.490 GC heap after
{Heap after GC invocations=16 (full 0):
 garbage-first heap   total 217088K, used 87267K [0x0000000606c00000, 0x0000000800000000)
  region size 4096K, 1 young (4096K), 1 survivors (4096K)
 Metaspace       used 29347K, committed 29760K, reserved 1114112K
  class space    used 3566K, committed 3776K, reserved 1048576K
}
Event: 72.545 GC heap before
{Heap before GC invocations=16 (full 0):
 garbage-first heap   total 217088K, used 95459K [0x0000000606c00000, 0x0000000800000000)
  region size 4096K, 2 young (8192K), 1 survivors (4096K)
 Metaspace       used 29347K, committed 29760K, reserved 1114112K
  class space    used 3566K, committed 3776K, reserved 1048576K
}
Event: 72.550 GC heap after
{Heap after GC invocations=17 (full 0):
 garbage-first heap   total 217088K, used 87204K [0x0000000606c00000, 0x0000000800000000)
  region size 4096K, 1 young (4096K), 1 survivors (4096K)
 Metaspace       used 29347K, committed 29760K, reserved 1114112K
  class space    used 3566K, committed 3776K, reserved 1048576K
}

